# JRE version: OpenJDK Runtime Environment Microsoft-32931 (17.0.3+7) (build 17.0.3+7-LTS)
# Java VM: OpenJDK 64-Bit Server VM Microsoft-32931 (17.0.3+7-LTS, mixed mode, tiered, compressed oops, compressed class ptrs, g1 gc, windows-amd64)
GC Precious Log:
 CPUs: 16 total, 16 available
 Memory: 15754M
 Large Page Support: Disabled
 NUMA Support: Disabled
 Compressed Oops: Enabled (32-bit)
 Heap Region Size: 32M
 Heap Min Capacity: 32M
 Heap Initial Capacity: 256M
 Heap Max Capacity: 2G
 Pre-touch: Disabled
 Parallel Workers: 13
 Concurrent Workers: 3
 Concurrent Refinement Workers: 13
 Periodic GC: Disabled
Heap:
 garbage-first heap   total 1540096K, used 483415K [0x0000000080000000, 0x0000000100000000)
  region size 32768K, 9 young (294912K), 1 survivors (32768K)
 Metaspace       used 65125K, committed 65856K, reserved 1105920K
  class space    used 8962K, committed 9280K, reserved 1048576K
GC Heap History (20 events):
Event: 6.618 GC heap before
{Heap before GC invocations=54 (full 0):
 garbage-first heap   total 1540096K, used 1136612K [0x0000000080000000, 0x0000000100000000)
  region size 32768K, 28 young (917504K), 1 survivors (32768K)
 Metaspace       used 64700K, committed 65408K, reserved 1105920K
  class space    used 8889K, committed 9216K, reserved 1048576K
}
Event: 6.621 GC heap after
{Heap after GC invocations=55 (full 0):
 garbage-first heap   total 1540096K, used 253013K [0x0000000080000000, 0x0000000100000000)
  region size 32768K, 1 young (32768K), 1 survivors (32768K)
 Metaspace       used 64700K, committed 65408K, reserved 1105920K
  class space    used 8889K, committed 9216K, reserved 1048576K
}
Event: 6.697 GC heap before
{Heap before GC invocations=55 (full 0):
 garbage-first heap   total 1540096K, used 1137749K [0x0000000080000000, 0x0000000100000000)
  region size 32768K, 28 young (917504K), 1 survivors (32768K)
 Metaspace       used 65020K, committed 65664K, reserved 1105920K
  class space    used 8946K, committed 9280K, reserved 1048576K
}
Event: 6.700 GC heap after
{Heap after GC invocations=56 (full 0):
 garbage-first heap   total 1540096K, used 253315K [0x0000000080000000, 0x0000000100000000)
  region size 32768K, 1 young (32768K), 1 survivors (32768K)
 Metaspace       used 65020K, committed 65664K, reserved 1105920K
  class space    used 8946K, committed 9280K, reserved 1048576K
}
Event: 6.776 GC heap before
{Heap before GC invocations=56 (full 0):
 garbage-first heap   total 1540096K, used 1138051K [0x0000000080000000, 0x0000000100000000)
  region size 32768K, 28 young (917504K), 1 survivors (32768K)
 Metaspace       used 65020K, committed 65664K, reserved 1105920K
  class space    used 8946K, committed 9280K, reserved 1048576K
}
Event: 6.778 GC heap after
{Heap after GC invocations=57 (full 0):
 garbage-first heap   total 1540096K, used 253523K [0x0000000080000000, 0x0000000100000000)
  region size 32768K, 1 young (32768K), 1 survivors (32768K)
 Metaspace       used 65020K, committed 65664K, reserved 1105920K
  class space    used 8946K, committed 9280K, reserved 1048576K
}
Event: 6.854 GC heap before
{Heap before GC invocations=57 (full 0):
 garbage-first heap   total 1540096K, used 1138259K [0x0000000080000000, 0x0000000100000000)
  region size 32768K, 28 young (917504K), 1 survivors (32768K)
 Metaspace       used 65124K, committed 65856K, reserved 1105920K
  class space    used 8962K, committed 9280K, reserved 1048576K
}
Event: 6.855 GC heap after
{Heap after GC invocations=58 (full 0):
 garbage-first heap   total 1540096K, used 253585K [0x0000000080000000, 0x0000000100000000)
  region size 32768K, 1 young (32768K), 1 survivors (32768K)
 Metaspace       used 65124K, committed 65856K, reserved 1105920K
  class space    used 8962K, committed 9280K, reserved 1048576K
}
Event: 6.932 GC heap before
{Heap before GC invocations=58 (full 0):
 garbage-first heap   total 1540096K, used 1138321K [0x0000000080000000, 0x0000000100000000)
  region size 32768K, 28 young (917504K), 1 survivors (32768K)
 Metaspace       used 65124K, committed 65856K, reserved 1105920K
  class space    used 8962K, committed 9280K, reserved 1048576K
}
Event: 6.934 GC heap after
{Heap after GC invocations=59 (full 0):
 garbage-first heap   total 1540096K, used 253534K [0x0000000080000000, 0x0000000100000000)
  region size 32768K, 1 young (32768K), 1 survivors (32768K)
 Metaspace       used 65124K, committed 65856K, reserved 1105920K
  class space    used 8962K, committed 9280K, reserved 1048576K
}
Event: 7.010 GC heap before
{Heap before GC invocations=59 (full 0):
 garbage-first heap   total 1540096K, used 1138270K [0x0000000080000000, 0x0000000100000000)
  region size 32768K, 28 young (917504K), 1 survivors (32768K)
 Metaspace       used 65124K, committed 65856K, reserved 1105920K
  class space    used 8962K, committed 9280K, reserved 1048576K
}
Event: 7.012 GC heap after
{Heap after GC invocations=60 (full 0):
 garbage-first heap   total 1540096K, used 253532K [0x0000000080000000, 0x0000000100000000)
  region size 32768K, 1 young (32768K), 1 survivors (32768K)
 Metaspace       used 65124K, committed 65856K, reserved 1105920K
  class space    used 8962K, committed 9280K, reserved 1048576K
}
Event: 7.089 GC heap before
{Heap before GC invocations=60 (full 0):
 garbage-first heap   total 1540096K, used 1138268K [0x0000000080000000, 0x0000000100000000)
  region size 32768K, 28 young (917504K), 1 survivors (32768K)
 Metaspace       used 65125K, committed 65856K, reserved 1105920K
  class space    used 8962K, committed 9280K, reserved 1048576K
}
Event: 7.090 GC heap after
{Heap after GC invocations=61 (full 0):
 garbage-first heap   total 1540096K, used 253667K [0x0000000080000000, 0x0000000100000000)
  region size 32768K, 1 young (32768K), 1 survivors (32768K)
 Metaspace       used 65125K, committed 65856K, reserved 1105920K
  class space    used 8962K, committed 9280K, reserved 1048576K
}
Event: 7.167 GC heap before
{Heap before GC invocations=61 (full 0):
 garbage-first heap   total 1540096K, used 1138403K [0x0000000080000000, 0x0000000100000000)
  region size 32768K, 28 young (917504K), 1 survivors (32768K)
 Metaspace       used 65125K, committed 65856K, reserved 1105920K
  class space    used 8962K, committed 9280K, reserved 1048576K
}
Event: 7.168 GC heap after
{Heap after GC invocations=62 (full 0):
 garbage-first heap   total 1540096K, used 253742K [0x0000000080000000, 0x0000000100000000)
  region size 32768K, 1 young (32768K), 1 survivors (32768K)
 Metaspace       used 65125K, committed 65856K, reserved 1105920K
  class space    used 8962K, committed 9280K, reserved 1048576K
}
Event: 7.241 GC heap before
{Heap before GC invocations=62 (full 0):
 garbage-first heap   total 1540096K, used 1138478K [0x0000000080000000, 0x0000000100000000)
  region size 32768K, 28 young (917504K), 1 survivors (32768K)
 Metaspace       used 65125K, committed 65856K, reserved 1105920K
  class space    used 8962K, committed 9280K, reserved 1048576K
}
Event: 7.242 GC heap after
{Heap after GC invocations=63 (full 0):
 garbage-first heap   total 1540096K, used 253867K [0x0000000080000000, 0x0000000100000000)
  region size 32768K, 1 young (32768K), 1 survivors (32768K)
 Metaspace       used 65125K, committed 65856K, reserved 1105920K
  class space    used 8962K, committed 9280K, reserved 1048576K
}
Event: 7.315 GC heap before
{Heap before GC invocations=63 (full 0):
 garbage-first heap   total 1540096K, used 1138603K [0x0000000080000000, 0x0000000100000000)
  region size 32768K, 28 young (917504K), 1 survivors (32768K)
 Metaspace       used 65125K, committed 65856K, reserved 1105920K
  class space    used 8962K, committed 9280K, reserved 1048576K
}
Event: 7.317 GC heap after
{Heap after GC invocations=64 (full 0):
 garbage-first heap   total 1540096K, used 253879K [0x0000000080000000, 0x0000000100000000)
  region size 32768K, 1 young (32768K), 1 survivors (32768K)
 Metaspace       used 65125K, committed 65856K, reserved 1105920K
  class space    used 8962K, committed 9280K, reserved 1048576K
}

